[05/18/2015 15:53:35][                        Main()] Starting function
[05/18/2015 15:53:35][                        Main()] Calling GetSystemIntializeInfo()
[05/18/2015 15:53:35][      GetSystemIntializeInfo()] Starting Function
[05/18/2015 16:08:06][                        Main()] Starting function
[05/18/2015 16:08:06][                        Main()] Calling GetSystemIntializeInfo()
[05/18/2015 16:08:06][      GetSystemIntializeInfo()] Starting Function
[05/18/2015 16:13:56][                        Main()] Starting function
[05/18/2015 16:13:56][                        Main()] Calling GetSystemIntializeInfo()
[05/18/2015 16:13:56][      GetSystemIntializeInfo()] Starting Function
[05/18/2015 16:22:59][                        Main()] Starting function
[05/18/2015 16:22:59][                        Main()] Calling GetSystemIntializeInfo()
[05/18/2015 16:22:59][      GetSystemIntializeInfo()] Starting Function
[05/18/2015 16:24:42][                        Main()] Starting function
[05/18/2015 16:24:42][                        Main()] Calling GetSystemIntializeInfo()
[05/18/2015 16:24:42][      GetSystemIntializeInfo()] Starting Function
[05/18/2015 16:26:55][                        Main()] Starting function
[05/18/2015 16:26:55][                        Main()] Calling GetSystemIntializeInfo()
[05/18/2015 16:26:55][      GetSystemIntializeInfo()] Starting Function
[05/18/2015 16:35:12][                        Main()] Starting function
[05/18/2015 16:35:12][                        Main()] Calling GetSystemIntializeInfo()
[05/18/2015 16:35:12][      GetSystemIntializeInfo()] Starting Function
[05/20/2015 17:58:00][                        Main()] Starting function
[05/20/2015 17:58:00][                        Main()] Calling GetSystemIntializeInfo()
[05/20/2015 17:58:00][      GetSystemIntializeInfo()] Starting Function
[05/20/2015 17:58:12][                        Main()] Starting function
[05/20/2015 17:58:12][                        Main()] Calling GetSystemIntializeInfo()
[05/20/2015 17:58:16][      GetSystemIntializeInfo()] Starting Function
[05/20/2015 17:58:49][                        Main()] Starting function
[05/20/2015 17:58:49][                        Main()] Calling GetSystemIntializeInfo()
[05/20/2015 17:58:52][      GetSystemIntializeInfo()] Starting Function
[05/20/2015 18:07:25][                        Main()] Starting function
[05/20/2015 18:07:25][                        Main()] Calling GetSystemIntializeInfo()
[05/20/2015 18:07:25][      GetSystemIntializeInfo()] Starting Function
[05/20/2015 18:17:20][                        Main()] Starting function
[05/20/2015 18:17:20][                        Main()] Calling GetSystemIntializeInfo()
[05/20/2015 18:17:20][      GetSystemIntializeInfo()] Starting Function
[05/20/2015 18:28:33][                        Main()] Starting function
[05/20/2015 18:28:33][                        Main()] Calling GetSystemIntializeInfo()
[05/20/2015 18:28:33][      GetSystemIntializeInfo()] Starting Function
[05/20/2015 18:30:52][                        Main()] Starting function
[05/20/2015 18:30:52][                        Main()] Calling GetSystemIntializeInfo()
[05/20/2015 18:30:52][      GetSystemIntializeInfo()] Starting Function
[05/20/2015 18:50:28][                        Main()] Starting function
[05/20/2015 18:50:28][                        Main()] Calling GetSystemIntializeInfo()
[05/20/2015 18:50:28][      GetSystemIntializeInfo()] Starting Function
[05/20/2015 18:52:49][                        Main()] Starting function
[05/20/2015 18:52:49][                        Main()] Calling GetSystemIntializeInfo()
[05/20/2015 18:52:49][      GetSystemIntializeInfo()] Starting Function
[05/20/2015 18:54:55][                        Main()] Starting function
[05/20/2015 18:54:55][                        Main()] Calling GetSystemIntializeInfo()
[05/20/2015 18:54:55][      GetSystemIntializeInfo()] Starting Function
[05/20/2015 18:59:31][                        Main()] Starting function
[05/20/2015 18:59:31][                        Main()] Calling GetSystemIntializeInfo()
[05/20/2015 18:59:31][      GetSystemIntializeInfo()] Starting Function
[05/20/2015 19:03:24][                        Main()] Starting function
[05/20/2015 19:03:24][                        Main()] Calling GetSystemIntializeInfo()
[05/20/2015 19:03:24][      GetSystemIntializeInfo()] Starting Function
[05/20/2015 19:04:48][                        Main()] Starting function
[05/20/2015 19:04:48][                        Main()] Calling GetSystemIntializeInfo()
[05/20/2015 19:04:48][      GetSystemIntializeInfo()] Starting Function
[05/20/2015 19:15:41][                        Main()] Starting function
[05/20/2015 19:15:41][                        Main()] Calling GetSystemIntializeInfo()
[05/20/2015 19:15:41][      GetSystemIntializeInfo()] Starting Function
[05/20/2015 19:38:45][                        Main()] Starting function
[05/20/2015 19:38:45][                        Main()] Calling GetSystemIntializeInfo()
[05/20/2015 19:38:45][      GetSystemIntializeInfo()] Starting Function
[05/20/2015 19:44:29][                        Main()] Starting function
[05/20/2015 19:44:29][                        Main()] Calling GetSystemIntializeInfo()
[05/20/2015 19:44:29][      GetSystemIntializeInfo()] Starting Function
[05/20/2015 19:48:43][                        Main()] Starting function
[05/20/2015 19:48:43][                        Main()] Calling GetSystemIntializeInfo()
[05/20/2015 19:48:43][      GetSystemIntializeInfo()] Starting Function
[05/20/2015 20:04:52][                        Main()] Starting function
[05/20/2015 20:04:52][                        Main()] Calling GetSystemIntializeInfo()
[05/20/2015 20:04:52][      GetSystemIntializeInfo()] Starting Function
[05/20/2015 20:06:55][                        Main()] Starting function
[05/20/2015 20:06:55][                        Main()] Calling GetSystemIntializeInfo()
[05/20/2015 20:06:55][      GetSystemIntializeInfo()] Starting Function
[05/20/2015 20:20:04][                        Main()] Starting function
[05/20/2015 20:20:04][                        Main()] Calling GetSystemIntializeInfo()
[05/20/2015 20:20:04][      GetSystemIntializeInfo()] Starting Function
[05/20/2015 20:34:01][                        Main()] Starting function
[05/20/2015 20:34:02][                        Main()] Calling GetSystemIntializeInfo()
[05/20/2015 20:34:02][      GetSystemIntializeInfo()] Starting Function
[05/21/2015 08:39:41][                        Main()] Starting function
[05/21/2015 08:39:41][                        Main()] Calling GetSystemIntializeInfo()
[05/21/2015 08:39:41][      GetSystemIntializeInfo()] Starting Function
[05/21/2015 08:40:41][                        Main()] Starting function
[05/21/2015 08:40:41][                        Main()] Calling GetSystemIntializeInfo()
[05/21/2015 08:40:41][      GetSystemIntializeInfo()] Starting Function
[05/21/2015 09:00:05][                        Main()] Starting function
[05/21/2015 09:00:05][                        Main()] Calling GetSystemIntializeInfo()
[05/21/2015 09:00:05][      GetSystemIntializeInfo()] Starting Function
[05/21/2015 09:02:45][                        Main()] Starting function
[05/21/2015 09:02:45][                        Main()] Calling GetSystemIntializeInfo()
[05/21/2015 09:02:45][      GetSystemIntializeInfo()] Starting Function
[05/21/2015 09:12:17][                        Main()] Starting function
[05/21/2015 09:12:17][                        Main()] Calling GetSystemIntializeInfo()
[05/21/2015 09:12:17][      GetSystemIntializeInfo()] Starting Function
[05/21/2015 09:20:40][                        Main()] Starting function
[05/21/2015 09:20:40][                        Main()] Calling GetSystemIntializeInfo()
[05/21/2015 09:20:40][      GetSystemIntializeInfo()] Starting Function
[05/21/2015 09:26:02][                        Main()] Starting function
[05/21/2015 09:26:02][                        Main()] Calling GetSystemIntializeInfo()
[05/21/2015 09:26:02][      GetSystemIntializeInfo()] Starting Function
[05/21/2015 10:00:33][                        Main()] Starting function
[05/21/2015 10:00:33][                        Main()] Calling GetSystemIntializeInfo()
[05/21/2015 10:00:33][      GetSystemIntializeInfo()] Starting Function
[05/21/2015 10:03:37][                        Main()] Starting function
[05/21/2015 10:03:37][                        Main()] Calling GetSystemIntializeInfo()
[05/21/2015 10:03:37][      GetSystemIntializeInfo()] Starting Function
[05/21/2015 10:05:30][                        Main()] Starting function
[05/21/2015 10:05:30][                        Main()] Calling GetSystemIntializeInfo()
[05/21/2015 10:05:30][      GetSystemIntializeInfo()] Starting Function
[05/21/2015 10:06:29][                        Main()] Starting function
[05/21/2015 10:06:29][                        Main()] Calling GetSystemIntializeInfo()
[05/21/2015 10:06:29][      GetSystemIntializeInfo()] Starting Function
[05/21/2015 10:08:22][                        Main()] Starting function
[05/21/2015 10:08:22][                        Main()] Calling GetSystemIntializeInfo()
[05/21/2015 10:08:22][      GetSystemIntializeInfo()] Starting Function
[05/21/2015 10:11:20][                        Main()] Starting function
[05/21/2015 10:11:20][                        Main()] Calling GetSystemIntializeInfo()
[05/21/2015 10:11:20][      GetSystemIntializeInfo()] Starting Function
[05/21/2015 10:13:08][                        Main()] Starting function
[05/21/2015 10:13:08][                        Main()] Calling GetSystemIntializeInfo()
[05/21/2015 10:13:08][      GetSystemIntializeInfo()] Starting Function
[05/21/2015 10:17:03][                        Main()] Starting function
[05/21/2015 10:17:03][                        Main()] Calling GetSystemIntializeInfo()
[05/21/2015 10:17:03][      GetSystemIntializeInfo()] Starting Function
[05/21/2015 10:23:41][                        Main()] Starting function
[05/21/2015 10:23:41][                        Main()] Calling GetSystemIntializeInfo()
[05/21/2015 10:23:41][      GetSystemIntializeInfo()] Starting Function
[05/21/2015 10:25:35][                        Main()] Starting function
[05/21/2015 10:25:35][                        Main()] Calling GetSystemIntializeInfo()
[05/21/2015 10:25:35][      GetSystemIntializeInfo()] Starting Function
[05/21/2015 10:28:44][                        Main()] Starting function
[05/21/2015 10:28:44][                        Main()] Calling GetSystemIntializeInfo()
[05/21/2015 10:28:44][      GetSystemIntializeInfo()] Starting Function
[05/21/2015 10:36:21][                        Main()] Starting function
[05/21/2015 10:36:21][                        Main()] Calling GetSystemIntializeInfo()
[05/21/2015 10:36:21][      GetSystemIntializeInfo()] Starting Function
[05/21/2015 15:11:23][                        Main()] Starting function
[05/21/2015 15:11:23][                        Main()] Calling GetSystemIntializeInfo()
[05/21/2015 15:11:38][      GetSystemIntializeInfo()] Starting Function
[05/21/2015 15:17:25][                        Main()] Starting function
[05/21/2015 15:17:25][                        Main()] Calling GetSystemIntializeInfo()
[05/21/2015 15:17:25][      GetSystemIntializeInfo()] Starting Function
[05/21/2015 19:30:55][                        Main()] Starting function
[05/21/2015 19:30:55][                        Main()] Calling GetSystemIntializeInfo()
[05/21/2015 19:30:55][      GetSystemIntializeInfo()] Starting Function
[05/21/2015 19:31:25][                        Main()] Starting function
[05/21/2015 19:31:25][                        Main()] Calling GetSystemIntializeInfo()
[05/21/2015 19:31:25][      GetSystemIntializeInfo()] Starting Function
[05/21/2015 19:34:12][                        Main()] Starting function
[05/21/2015 19:34:12][                        Main()] Calling GetSystemIntializeInfo()
[05/21/2015 19:34:12][      GetSystemIntializeInfo()] Starting Function
[05/21/2015 19:39:51][                        Main()] Starting function
[05/21/2015 19:39:51][                        Main()] Calling GetSystemIntializeInfo()
[05/21/2015 19:39:51][      GetSystemIntializeInfo()] Starting Function
[05/21/2015 19:44:53][                        Main()] Starting function
[05/21/2015 19:44:53][                        Main()] Calling GetSystemIntializeInfo()
[05/21/2015 19:44:53][      GetSystemIntializeInfo()] Starting Function
[05/21/2015 20:12:50][                        Main()] Starting function
[05/21/2015 20:12:50][                        Main()] Calling GetSystemIntializeInfo()
[05/21/2015 20:12:50][      GetSystemIntializeInfo()] Starting Function
[05/21/2015 20:13:43][                        Main()] Starting function
[05/21/2015 20:13:43][                        Main()] Calling GetSystemIntializeInfo()
[05/21/2015 20:13:43][      GetSystemIntializeInfo()] Starting Function
[05/21/2015 20:30:00][                        Main()] Starting function
[05/21/2015 20:30:00][                        Main()] Calling GetSystemIntializeInfo()
[05/21/2015 20:30:00][      GetSystemIntializeInfo()] Starting Function
[05/21/2015 20:39:56][                        Main()] Starting function
[05/21/2015 20:39:56][                        Main()] Calling GetSystemIntializeInfo()
[05/21/2015 20:39:56][      GetSystemIntializeInfo()] Starting Function
[05/21/2015 20:51:17][                        Main()] Starting function
[05/21/2015 20:51:17][                        Main()] Calling GetSystemIntializeInfo()
[05/21/2015 20:51:17][      GetSystemIntializeInfo()] Starting Function
[05/21/2015 20:57:37][                        Main()] Starting function
[05/21/2015 20:57:37][                        Main()] Calling GetSystemIntializeInfo()
[05/21/2015 20:57:37][      GetSystemIntializeInfo()] Starting Function
[05/21/2015 21:04:55][                        Main()] Starting function
[05/21/2015 21:04:55][                        Main()] Calling GetSystemIntializeInfo()
[05/21/2015 21:04:55][      GetSystemIntializeInfo()] Starting Function
[05/21/2015 21:07:07][                        Main()] Starting function
[05/21/2015 21:07:07][                        Main()] Calling GetSystemIntializeInfo()
[05/21/2015 21:07:07][      GetSystemIntializeInfo()] Starting Function
[05/21/2015 21:19:41][                        Main()] Starting function
[05/21/2015 21:19:41][                        Main()] Calling GetSystemIntializeInfo()
[05/21/2015 21:19:41][      GetSystemIntializeInfo()] Starting Function
[05/21/2015 21:27:46][                        Main()] Starting function
[05/21/2015 21:27:46][                        Main()] Calling GetSystemIntializeInfo()
[05/21/2015 21:27:46][      GetSystemIntializeInfo()] Starting Function
[09-16-2015 11:31:10][                        Main()] Starting function
[09-16-2015 11:31:10][                        Main()] Calling GetSystemIntializeInfo()
[09-16-2015 11:32:49][                        Main()] Starting function
[09-16-2015 11:32:49][                        Main()] Calling GetSystemIntializeInfo()
[09-16-2015 11:32:56][      GetSystemIntializeInfo()] Starting Function
[09-16-2015 11:34:39][                        Main()] Starting function
[09-16-2015 11:34:39][                        Main()] Calling GetSystemIntializeInfo()
[09-16-2015 11:34:43][      GetSystemIntializeInfo()] Starting Function
[09-16-2015 11:41:36][                        Main()] Starting function
[09-16-2015 11:41:36][                        Main()] Calling GetSystemIntializeInfo()
[09-16-2015 11:41:40][      GetSystemIntializeInfo()] Starting Function
[09-16-2015 11:43:26][                        Main()] Starting function
[09-16-2015 11:43:26][                        Main()] Calling GetSystemIntializeInfo()
[09-16-2015 11:43:28][      GetSystemIntializeInfo()] Starting Function
[09-16-2015 11:45:19][                        Main()] Starting function
[09-16-2015 11:45:19][                        Main()] Calling GetSystemIntializeInfo()
[09-16-2015 11:45:21][      GetSystemIntializeInfo()] Starting Function
[09-16-2015 11:47:50][                        Main()] Starting function
[09-16-2015 11:47:50][                        Main()] Calling GetSystemIntializeInfo()
[09-16-2015 11:47:51][      GetSystemIntializeInfo()] Starting Function
[09-16-2015 11:52:49][                        Main()] Starting function
[09-16-2015 11:52:49][                        Main()] Calling GetSystemIntializeInfo()
[09-16-2015 11:52:55][      GetSystemIntializeInfo()] Starting Function
[09-16-2015 11:55:13][                        Main()] Starting function
[09-16-2015 11:55:13][                        Main()] Calling GetSystemIntializeInfo()
[09-16-2015 11:55:15][      GetSystemIntializeInfo()] Starting Function
[09-16-2015 12:10:40][                        Main()] Starting function
[09-16-2015 12:10:40][                        Main()] Calling GetSystemIntializeInfo()
[09-16-2015 12:10:42][      GetSystemIntializeInfo()] Starting Function
[09-16-2015 12:11:45][                        Main()] Starting function
[09-16-2015 12:11:45][                        Main()] Calling GetSystemIntializeInfo()
[09-16-2015 12:11:47][      GetSystemIntializeInfo()] Starting Function
[09-16-2015 12:53:18][                        Main()] Starting function
[09-16-2015 12:53:18][                        Main()] Calling GetSystemIntializeInfo()
[09-16-2015 12:53:20][      GetSystemIntializeInfo()] Starting Function
[09-16-2015 13:17:14][                        Main()] Starting function
[09-16-2015 13:17:14][                        Main()] Calling GetSystemIntializeInfo()
[09-16-2015 13:17:17][      GetSystemIntializeInfo()] Starting Function
[09-16-2015 13:23:35][                        Main()] Starting function
[09-16-2015 13:23:35][                        Main()] Calling GetSystemIntializeInfo()
[09-16-2015 13:23:35][      GetSystemIntializeInfo()] Starting Function
[09-16-2015 14:40:37][                        Main()] Starting function
[09-16-2015 14:40:37][                        Main()] Calling GetSystemIntializeInfo()
[09-16-2015 14:40:37][      GetSystemIntializeInfo()] Starting Function
[09-16-2015 16:53:58][                        Main()] Starting function
[09-16-2015 16:53:58][                        Main()] Calling GetSystemIntializeInfo()
[09-16-2015 16:53:58][      GetSystemIntializeInfo()] Starting Function
[09-16-2015 16:56:44][                        Main()] Starting function
[09-16-2015 16:56:44][                        Main()] Calling GetSystemIntializeInfo()
[09-16-2015 16:56:44][      GetSystemIntializeInfo()] Starting Function
[09-16-2015 16:57:33][                        Main()] Starting function
[09-16-2015 16:57:33][                        Main()] Calling GetSystemIntializeInfo()
[09-16-2015 16:57:33][      GetSystemIntializeInfo()] Starting Function
[09-16-2015 17:05:21][                        Main()] Starting function
[09-16-2015 17:05:21][                        Main()] Calling GetSystemIntializeInfo()
[09-16-2015 17:05:21][      GetSystemIntializeInfo()] Starting Function
[09-16-2015 17:08:19][                        Main()] Starting function
[09-16-2015 17:08:19][                        Main()] Calling GetSystemIntializeInfo()
[09-16-2015 17:08:19][      GetSystemIntializeInfo()] Starting Function
[09-16-2015 17:08:47][                        Main()] Starting function
[09-16-2015 17:08:47][                        Main()] Calling GetSystemIntializeInfo()
[09-16-2015 17:08:47][      GetSystemIntializeInfo()] Starting Function
[09-16-2015 17:15:33][                        Main()] Starting function
[09-16-2015 17:15:33][                        Main()] Calling GetSystemIntializeInfo()
[09-16-2015 17:15:33][      GetSystemIntializeInfo()] Starting Function
[09-16-2015 17:19:27][                        Main()] Starting function
[09-16-2015 17:19:27][                        Main()] Calling GetSystemIntializeInfo()
[09-16-2015 17:19:27][      GetSystemIntializeInfo()] Starting Function
[09-16-2015 17:20:26][                        Main()] Starting function
[09-16-2015 17:20:26][                        Main()] Calling GetSystemIntializeInfo()
[09-16-2015 17:20:26][      GetSystemIntializeInfo()] Starting Function
[09-16-2015 19:18:14][                        Main()] Starting function
[09-16-2015 19:18:14][                        Main()] Calling GetSystemIntializeInfo()
[09-16-2015 19:18:14][      GetSystemIntializeInfo()] Starting Function
[09-17-2015 08:17:29][                        Main()] Starting function
[09-17-2015 08:17:29][                        Main()] Calling GetSystemIntializeInfo()
[09-17-2015 08:17:29][      GetSystemIntializeInfo()] Starting Function
[09-17-2015 08:17:42][                        Main()] Starting function
[09-17-2015 08:17:42][                        Main()] Calling GetSystemIntializeInfo()
[09-17-2015 08:17:42][      GetSystemIntializeInfo()] Starting Function
[09-17-2015 08:19:52][                        Main()] Starting function
[09-17-2015 08:19:52][                        Main()] Calling GetSystemIntializeInfo()
[09-17-2015 08:19:52][      GetSystemIntializeInfo()] Starting Function
[09-17-2015 08:24:59][                        Main()] Starting function
[09-17-2015 08:24:59][                        Main()] Calling GetSystemIntializeInfo()
[09-17-2015 08:25:00][      GetSystemIntializeInfo()] Starting Function
[09-17-2015 08:25:52][                        Main()] Starting function
[09-17-2015 08:25:52][                        Main()] Calling GetSystemIntializeInfo()
[09-17-2015 08:25:52][      GetSystemIntializeInfo()] Starting Function
[09-17-2015 08:43:34][                        Main()] Starting function
[09-17-2015 08:43:34][                        Main()] Calling GetSystemIntializeInfo()
[09-17-2015 08:43:34][      GetSystemIntializeInfo()] Starting Function
[09-17-2015 08:44:44][                        Main()] Starting function
[09-17-2015 08:44:44][                        Main()] Calling GetSystemIntializeInfo()
[09-17-2015 08:44:44][      GetSystemIntializeInfo()] Starting Function
[09-17-2015 08:45:03][                        Main()] Starting function
[09-17-2015 08:45:03][                        Main()] Calling GetSystemIntializeInfo()
[09-17-2015 08:45:03][      GetSystemIntializeInfo()] Starting Function
[09-17-2015 09:05:58][                        Main()] Starting function
[09-17-2015 09:05:58][                        Main()] Calling GetSystemIntializeInfo()
[09-17-2015 09:05:58][      GetSystemIntializeInfo()] Starting Function
[09-17-2015 09:07:18][                        Main()] Starting function
[09-17-2015 09:07:18][                        Main()] Calling GetSystemIntializeInfo()
[09-17-2015 09:07:18][      GetSystemIntializeInfo()] Starting Function
[09-17-2015 09:09:37][                        Main()] Starting function
[09-17-2015 09:09:37][                        Main()] Calling GetSystemIntializeInfo()
[09-17-2015 09:09:37][      GetSystemIntializeInfo()] Starting Function
[09-17-2015 10:24:53][                        Main()] Starting function
[09-17-2015 10:24:53][                        Main()] Calling GetSystemIntializeInfo()
[09-17-2015 10:24:53][      GetSystemIntializeInfo()] Starting Function
[09-17-2015 13:25:44][                        Main()] Starting function
[09-17-2015 13:25:44][                        Main()] Calling GetSystemIntializeInfo()
[09-17-2015 13:25:51][      GetSystemIntializeInfo()] Starting Function
[09-17-2015 14:48:27][                        Main()] Starting function
[09-17-2015 14:48:27][                        Main()] Calling GetSystemIntializeInfo()
[09-17-2015 14:48:29][      GetSystemIntializeInfo()] Starting Function
[09-17-2015 14:55:36][                        Main()] Starting function
[09-17-2015 14:55:36][                        Main()] Calling GetSystemIntializeInfo()
[09-17-2015 14:55:38][      GetSystemIntializeInfo()] Starting Function
[09-17-2015 14:56:58][                        Main()] Starting function
[09-17-2015 14:56:58][                        Main()] Calling GetSystemIntializeInfo()
[09-17-2015 14:57:00][      GetSystemIntializeInfo()] Starting Function
[09-17-2015 15:02:53][                        Main()] Starting function
[09-17-2015 15:02:54][                        Main()] Calling GetSystemIntializeInfo()
[09-17-2015 15:02:55][      GetSystemIntializeInfo()] Starting Function
[09-17-2015 15:07:50][                        Main()] Starting function
[09-17-2015 15:07:50][                        Main()] Calling GetSystemIntializeInfo()
[09-17-2015 15:07:52][      GetSystemIntializeInfo()] Starting Function
[09-17-2015 15:16:30][                        Main()] Starting function
[09-17-2015 15:16:30][                        Main()] Calling GetSystemIntializeInfo()
[09-17-2015 15:16:33][      GetSystemIntializeInfo()] Starting Function
[09-17-2015 15:23:06][                        Main()] Starting function
[09-17-2015 15:23:06][                        Main()] Calling GetSystemIntializeInfo()
[09-17-2015 15:23:09][      GetSystemIntializeInfo()] Starting Function
[09-17-2015 15:25:34][                        Main()] Starting function
[09-17-2015 15:25:34][                        Main()] Calling GetSystemIntializeInfo()
[09-17-2015 15:25:36][      GetSystemIntializeInfo()] Starting Function
[09-17-2015 15:29:33][                        Main()] Starting function
[09-17-2015 15:29:33][                        Main()] Calling GetSystemIntializeInfo()
[09-17-2015 15:29:34][      GetSystemIntializeInfo()] Starting Function
[09-17-2015 15:32:57][                        Main()] Starting function
[09-17-2015 15:32:57][                        Main()] Calling GetSystemIntializeInfo()
[09-17-2015 15:32:59][      GetSystemIntializeInfo()] Starting Function
[09-17-2015 15:33:54][                        Main()] Starting function
[09-17-2015 15:33:54][                        Main()] Calling GetSystemIntializeInfo()
[09-17-2015 15:33:56][      GetSystemIntializeInfo()] Starting Function
[09-17-2015 15:40:55][                        Main()] Starting function
[09-17-2015 15:40:55][                        Main()] Calling GetSystemIntializeInfo()
[09-17-2015 15:40:57][      GetSystemIntializeInfo()] Starting Function
[09-17-2015 15:44:31][                        Main()] Starting function
[09-17-2015 15:44:32][                        Main()] Calling GetSystemIntializeInfo()
[09-17-2015 15:44:33][      GetSystemIntializeInfo()] Starting Function
[09-17-2015 15:47:16][                        Main()] Starting function
[09-17-2015 15:47:16][                        Main()] Calling GetSystemIntializeInfo()
[09-17-2015 15:47:17][      GetSystemIntializeInfo()] Starting Function
[09-17-2015 15:49:45][                        Main()] Starting function
[09-17-2015 15:49:45][                        Main()] Calling GetSystemIntializeInfo()
[09-17-2015 15:49:46][      GetSystemIntializeInfo()] Starting Function
[09-17-2015 15:54:00][                        Main()] Starting function
[09-17-2015 15:54:00][                        Main()] Calling GetSystemIntializeInfo()
[09-17-2015 15:54:01][      GetSystemIntializeInfo()] Starting Function
[09-17-2015 16:20:22][                        Main()] Starting function
[09-17-2015 16:20:22][                        Main()] Calling GetSystemIntializeInfo()
[09-17-2015 16:20:25][      GetSystemIntializeInfo()] Starting Function
[09-18-2015 08:48:41][                        Main()] Starting function
[09-18-2015 08:48:41][                        Main()] Calling GetSystemIntializeInfo()
[09-18-2015 08:48:44][      GetSystemIntializeInfo()] Starting Function
[09-18-2015 09:00:27][                        Main()] Starting function
[09-18-2015 09:00:27][                        Main()] Calling GetSystemIntializeInfo()
[09-18-2015 09:01:03][                        Main()] Starting function
[09-18-2015 09:01:03][                        Main()] Calling GetSystemIntializeInfo()
[09-18-2015 09:01:05][      GetSystemIntializeInfo()] Starting Function
[09-18-2015 10:05:42][                        Main()] Starting function
[09-18-2015 10:05:42][                        Main()] Calling GetSystemIntializeInfo()
[09-18-2015 10:05:46][      GetSystemIntializeInfo()] Starting Function
[09-18-2015 10:13:41][                        Main()] Starting function
[09-18-2015 10:13:41][                        Main()] Calling GetSystemIntializeInfo()
[09-18-2015 10:13:43][      GetSystemIntializeInfo()] Starting Function
[09-18-2015 10:17:13][                        Main()] Starting function
[09-18-2015 10:17:13][                        Main()] Calling GetSystemIntializeInfo()
[09-18-2015 10:17:15][      GetSystemIntializeInfo()] Starting Function
[09-18-2015 10:19:42][                        Main()] Starting function
[09-18-2015 10:19:42][                        Main()] Calling GetSystemIntializeInfo()
[09-18-2015 10:19:44][      GetSystemIntializeInfo()] Starting Function
[09-18-2015 10:20:44][                        Main()] Starting function
[09-18-2015 10:20:44][                        Main()] Calling GetSystemIntializeInfo()
[09-18-2015 10:20:45][      GetSystemIntializeInfo()] Starting Function
[09-18-2015 10:38:28][                        Main()] Starting function
[09-18-2015 10:38:28][                        Main()] Calling GetSystemIntializeInfo()
[09-18-2015 10:38:40][      GetSystemIntializeInfo()] Starting Function
[09-18-2015 10:41:27][                        Main()] Starting function
[09-18-2015 10:41:27][                        Main()] Calling GetSystemIntializeInfo()
[09-18-2015 10:41:29][      GetSystemIntializeInfo()] Starting Function
[09-18-2015 10:43:45][                        Main()] Starting function
[09-18-2015 10:43:45][                        Main()] Calling GetSystemIntializeInfo()
[09-18-2015 10:43:47][      GetSystemIntializeInfo()] Starting Function
[09-18-2015 11:22:28][                        Main()] Starting function
[09-18-2015 11:22:28][                        Main()] Calling GetSystemIntializeInfo()
[09-18-2015 11:22:31][      GetSystemIntializeInfo()] Starting Function
[09-18-2015 13:56:57][                        Main()] Starting function
[09-18-2015 13:56:57][                        Main()] Calling GetSystemIntializeInfo()
[09-18-2015 13:56:59][      GetSystemIntializeInfo()] Starting Function
[09-18-2015 14:39:39][                        Main()] Starting function
[09-18-2015 14:39:39][                        Main()] Calling GetSystemIntializeInfo()
[09-18-2015 14:39:39][      GetSystemIntializeInfo()] Starting Function
[09-18-2015 14:45:32][                        Main()] Starting function
[09-18-2015 14:45:32][                        Main()] Calling GetSystemIntializeInfo()
[09-18-2015 14:45:32][      GetSystemIntializeInfo()] Starting Function
[09-18-2015 14:47:18][                        Main()] Starting function
[09-18-2015 14:47:18][                        Main()] Calling GetSystemIntializeInfo()
[09-18-2015 14:47:18][      GetSystemIntializeInfo()] Starting Function
[09-18-2015 14:50:45][                        Main()] Starting function
[09-18-2015 14:50:45][                        Main()] Calling GetSystemIntializeInfo()
[09-18-2015 14:50:45][      GetSystemIntializeInfo()] Starting Function
[09-18-2015 15:15:27][                        Main()] Starting function
[09-18-2015 15:15:27][                        Main()] Calling GetSystemIntializeInfo()
[09-18-2015 15:15:27][      GetSystemIntializeInfo()] Starting Function
[09-18-2015 15:30:46][                        Main()] Starting function
[09-18-2015 15:30:46][                        Main()] Calling GetSystemIntializeInfo()
[09-18-2015 15:30:46][      GetSystemIntializeInfo()] Starting Function
[09-18-2015 15:31:25][                        Main()] Starting function
[09-18-2015 15:31:25][                        Main()] Calling GetSystemIntializeInfo()
[09-18-2015 15:31:25][      GetSystemIntializeInfo()] Starting Function
[09-18-2015 15:32:55][                        Main()] Starting function
[09-18-2015 15:32:55][                        Main()] Calling GetSystemIntializeInfo()
[09-18-2015 15:32:55][      GetSystemIntializeInfo()] Starting Function
[09-18-2015 15:34:50][                        Main()] Starting function
[09-18-2015 15:34:50][                        Main()] Calling GetSystemIntializeInfo()
[09-18-2015 15:34:50][      GetSystemIntializeInfo()] Starting Function
[09-18-2015 15:36:38][                        Main()] Starting function
[09-18-2015 15:36:38][                        Main()] Calling GetSystemIntializeInfo()
[09-18-2015 15:36:38][      GetSystemIntializeInfo()] Starting Function
[09-18-2015 15:45:06][                        Main()] Starting function
[09-18-2015 15:45:06][                        Main()] Calling GetSystemIntializeInfo()
[09-18-2015 15:45:06][      GetSystemIntializeInfo()] Starting Function
[09-18-2015 15:47:43][                        Main()] Starting function
[09-18-2015 15:47:43][                        Main()] Calling GetSystemIntializeInfo()
[09-18-2015 15:47:43][      GetSystemIntializeInfo()] Starting Function
[09-18-2015 16:01:46][                        Main()] Starting function
[09-18-2015 16:01:46][                        Main()] Calling GetSystemIntializeInfo()
[09-18-2015 16:01:46][      GetSystemIntializeInfo()] Starting Function
[09-21-2015 08:06:42][                        Main()] Starting function
[09-21-2015 08:06:43][                        Main()] Calling GetSystemIntializeInfo()
[09-21-2015 08:06:43][      GetSystemIntializeInfo()] Starting Function
[09-21-2015 08:07:15][                        Main()] Starting function
[09-21-2015 08:07:15][                        Main()] Calling GetSystemIntializeInfo()
[09-21-2015 08:07:15][      GetSystemIntializeInfo()] Starting Function
[09-21-2015 08:08:34][                        Main()] Starting function
[09-21-2015 08:08:34][                        Main()] Calling GetSystemIntializeInfo()
[09-21-2015 08:08:34][      GetSystemIntializeInfo()] Starting Function
[09-21-2015 08:11:12][                        Main()] Starting function
[09-21-2015 08:11:12][                        Main()] Calling GetSystemIntializeInfo()
[09-21-2015 08:11:12][      GetSystemIntializeInfo()] Starting Function
[09-21-2015 08:11:43][                        Main()] Starting function
[09-21-2015 08:11:43][                        Main()] Calling GetSystemIntializeInfo()
[09-21-2015 08:11:43][      GetSystemIntializeInfo()] Starting Function
[09-21-2015 08:13:56][                        Main()] Starting function
[09-21-2015 08:13:56][                        Main()] Calling GetSystemIntializeInfo()
[09-21-2015 08:13:56][      GetSystemIntializeInfo()] Starting Function
[09-21-2015 08:15:36][                        Main()] Starting function
[09-21-2015 08:15:36][                        Main()] Calling GetSystemIntializeInfo()
[09-21-2015 08:15:36][      GetSystemIntializeInfo()] Starting Function
[09-21-2015 08:17:31][                        Main()] Starting function
[09-21-2015 08:17:31][                        Main()] Calling GetSystemIntializeInfo()
[09-21-2015 08:17:31][      GetSystemIntializeInfo()] Starting Function
[09-21-2015 08:20:52][                        Main()] Starting function
[09-21-2015 08:20:53][                        Main()] Calling GetSystemIntializeInfo()
[09-21-2015 08:20:53][      GetSystemIntializeInfo()] Starting Function
[09-21-2015 08:25:03][                        Main()] Starting function
[09-21-2015 08:25:03][                        Main()] Calling GetSystemIntializeInfo()
[09-21-2015 08:25:03][      GetSystemIntializeInfo()] Starting Function
[09-21-2015 08:27:23][                        Main()] Starting function
[09-21-2015 08:27:23][                        Main()] Calling GetSystemIntializeInfo()
[09-21-2015 08:27:23][      GetSystemIntializeInfo()] Starting Function
[09-21-2015 08:30:03][                        Main()] Starting function
[09-21-2015 08:30:03][                        Main()] Calling GetSystemIntializeInfo()
[09-21-2015 08:30:03][      GetSystemIntializeInfo()] Starting Function
[09-21-2015 08:37:23][                        Main()] Starting function
[09-21-2015 08:37:23][                        Main()] Calling GetSystemIntializeInfo()
[09-21-2015 08:37:23][      GetSystemIntializeInfo()] Starting Function
[09-21-2015 08:53:44][                        Main()] Starting function
[09-21-2015 08:53:44][                        Main()] Calling GetSystemIntializeInfo()
[09-21-2015 08:53:44][      GetSystemIntializeInfo()] Starting Function
[09-21-2015 08:55:18][                        Main()] Starting function
[09-21-2015 08:55:18][                        Main()] Calling GetSystemIntializeInfo()
[09-21-2015 08:55:18][      GetSystemIntializeInfo()] Starting Function
[09-21-2015 09:41:29][                        Main()] Starting function
[09-21-2015 09:41:29][                        Main()] Calling GetSystemIntializeInfo()
[09-21-2015 09:41:29][      GetSystemIntializeInfo()] Starting Function
[09-21-2015 09:46:14][                        Main()] Starting function
[09-21-2015 09:46:14][                        Main()] Calling GetSystemIntializeInfo()
[09-21-2015 09:46:14][      GetSystemIntializeInfo()] Starting Function
[09-21-2015 09:50:22][                        Main()] Starting function
[09-21-2015 09:50:22][                        Main()] Calling GetSystemIntializeInfo()
[09-21-2015 09:50:22][      GetSystemIntializeInfo()] Starting Function
[09-21-2015 10:41:54][                        Main()] Starting function
[09-21-2015 10:41:54][                        Main()] Calling GetSystemIntializeInfo()
[09-21-2015 10:41:54][      GetSystemIntializeInfo()] Starting Function
[09-21-2015 10:43:31][                        Main()] Starting function
[09-21-2015 10:43:32][                        Main()] Calling GetSystemIntializeInfo()
[09-21-2015 10:43:32][      GetSystemIntializeInfo()] Starting Function
[09-21-2015 10:45:00][                        Main()] Starting function
[09-21-2015 10:45:00][                        Main()] Calling GetSystemIntializeInfo()
[09-21-2015 10:45:00][      GetSystemIntializeInfo()] Starting Function
[09-23-2015 10:21:03][                        Main()] Starting function
[09-23-2015 10:21:03][                        Main()] Calling GetSystemIntializeInfo()
[09-23-2015 10:21:03][      GetSystemIntializeInfo()] Starting Function
[09-23-2015 10:42:23][                        Main()] Starting function
[09-23-2015 10:42:23][                        Main()] Calling GetSystemIntializeInfo()
[09-23-2015 10:42:23][      GetSystemIntializeInfo()] Starting Function
[09-29-2015 10:18:00][                        Main()] Starting function
[09-29-2015 10:18:00][                        Main()] Calling GetSystemIntializeInfo()
[09-29-2015 10:18:00][      GetSystemIntializeInfo()] Starting Function
[09-29-2015 10:24:18][                        Main()] Starting function
[09-29-2015 10:24:18][                        Main()] Calling GetSystemIntializeInfo()
[09-29-2015 10:24:18][      GetSystemIntializeInfo()] Starting Function
[09-29-2015 14:39:19][                        Main()] Starting function
[09-29-2015 14:39:19][                        Main()] Calling GetSystemIntializeInfo()
[09-29-2015 14:39:19][      GetSystemIntializeInfo()] Starting Function
[09-29-2015 14:40:31][                        Main()] Starting function
[09-29-2015 14:40:31][                        Main()] Calling GetSystemIntializeInfo()
[09-29-2015 14:40:31][      GetSystemIntializeInfo()] Starting Function
[09-29-2015 14:43:55][                        Main()] Starting function
[09-29-2015 14:43:55][                        Main()] Calling GetSystemIntializeInfo()
[09-29-2015 14:43:55][      GetSystemIntializeInfo()] Starting Function
[09-30-2015 14:46:37][                        Main()] Starting function
[09-30-2015 14:46:37][                        Main()] Calling GetSystemIntializeInfo()
[09-30-2015 14:46:37][      GetSystemIntializeInfo()] Starting Function
[10-07-2015 09:30:28][                        Main()] Starting function
[10-07-2015 09:30:28][                        Main()] Calling GetSystemIntializeInfo()
[10-07-2015 09:30:28][      GetSystemIntializeInfo()] Starting Function
[10-08-2015 15:53:31][                        Main()] Starting function
[10-08-2015 15:53:31][                        Main()] Calling GetSystemIntializeInfo()
[10-08-2015 15:53:31][      GetSystemIntializeInfo()] Starting Function
[10-08-2015 16:42:36][                        Main()] Starting function
[10-08-2015 16:42:36][                        Main()] Calling GetSystemIntializeInfo()
[10-08-2015 16:42:36][      GetSystemIntializeInfo()] Starting Function
[10-09-2015 08:12:30][                        Main()] Starting function
[10-09-2015 08:12:30][                        Main()] Calling GetSystemIntializeInfo()
[10-09-2015 08:12:30][      GetSystemIntializeInfo()] Starting Function
[10-13-2015 14:09:17][                        Main()] Starting function
[10-13-2015 14:09:17][                        Main()] Calling GetSystemIntializeInfo()
[10-13-2015 14:09:17][      GetSystemIntializeInfo()] Starting Function
[10-13-2015 14:13:08][                        Main()] Starting function
[10-13-2015 14:13:08][                        Main()] Calling GetSystemIntializeInfo()
[10-13-2015 14:13:08][      GetSystemIntializeInfo()] Starting Function
[10-13-2015 14:22:44][                        Main()] Starting function
[10-13-2015 14:22:44][                        Main()] Calling GetSystemIntializeInfo()
[10-13-2015 14:22:44][      GetSystemIntializeInfo()] Starting Function
[10-13-2015 14:24:45][                        Main()] Starting function
[10-13-2015 14:24:45][                        Main()] Calling GetSystemIntializeInfo()
[10-13-2015 14:24:45][      GetSystemIntializeInfo()] Starting Function
[10-13-2015 14:28:43][                        Main()] Starting function
[10-13-2015 14:28:43][                        Main()] Calling GetSystemIntializeInfo()
[10-13-2015 14:28:43][      GetSystemIntializeInfo()] Starting Function
