[10-15-2015 09:43:31][      ConnectToTargetCompany()] Connection to Database (Stuttgart LIVE) 
 	 Company version mismatch
[10-15-2015 09:43:31][                        Main()] Connection to Database (Stuttgart LIVE) 
 	 Company version mismatch
[10-15-2015 13:38:57][          ExecuteSQLQuery_DT()] Database 'Stuttgart LIVE' cannot be opened. It is in the middle of a restore.
[10-15-2015 13:39:01][          ExecuteSQLQuery_DT()] Invalid column name 'U_AB_EASIDept'.
Invalid column name 'U_AB_POSSync'.
[10-15-2015 13:39:01][          ExecuteSQLQuery_DT()] Invalid column name 'U_AB_EASIDept'.
Invalid column name 'U_AB_POSSync'.
[10-15-2015 13:39:01][          ExecuteSQLQuery_DT()] Invalid object name 'STUTTGART.dbo.@AB_EASIDEPT'.
[10-15-2015 13:39:08][          ExecuteSQLQuery_DT()] Invalid object name 'STUTTGART.dbo.@AB_TENDER'.
[10-15-2015 13:44:17][          ExecuteSQLQuery_DT()] Database 'Stuttgart LIVE' cannot be opened. It is in the middle of a restore.
[10-15-2015 13:44:20][          ExecuteSQLQuery_DT()] Invalid column name 'U_AB_EASIDept'.
Invalid column name 'U_AB_POSSync'.
[10-15-2015 13:44:20][          ExecuteSQLQuery_DT()] Invalid column name 'U_AB_EASIDept'.
Invalid column name 'U_AB_POSSync'.
[10-15-2015 13:44:21][          ExecuteSQLQuery_DT()] Invalid object name 'STUTTGART.dbo.@AB_EASIDEPT'.
[10-15-2015 13:44:21][          ExecuteSQLQuery_DT()] Invalid object name 'STUTTGART.dbo.@AB_TENDER'.
[10-15-2015 13:50:03][          ExecuteSQLQuery_DT()] Database 'Stuttgart LIVE' cannot be opened. It is in the middle of a restore.
[10-15-2015 13:50:06][          ExecuteSQLQuery_DT()] Invalid column name 'U_AB_EASIDept'.
Invalid column name 'U_AB_POSSync'.
[10-15-2015 13:50:06][          ExecuteSQLQuery_DT()] Invalid column name 'U_AB_EASIDept'.
Invalid column name 'U_AB_POSSync'.
[10-15-2015 13:50:07][          ExecuteSQLQuery_DT()] Invalid object name 'STUTTGART.dbo.@AB_EASIDEPT'.
[10-15-2015 13:50:13][          ExecuteSQLQuery_DT()] Invalid object name 'STUTTGART.dbo.@AB_TENDER'.
[10-15-2015 13:50:45][          ExecuteSQLQuery_DT()] Database 'Stuttgart LIVE' cannot be opened. It is in the middle of a restore.
[10-15-2015 13:50:48][          ExecuteSQLQuery_DT()] Invalid column name 'U_AB_EASIDept'.
Invalid column name 'U_AB_POSSync'.
[10-15-2015 13:50:48][          ExecuteSQLQuery_DT()] Invalid column name 'U_AB_EASIDept'.
Invalid column name 'U_AB_POSSync'.
[10-15-2015 13:50:48][          ExecuteSQLQuery_DT()] Invalid object name 'STUTTGART.dbo.@AB_EASIDEPT'.
[10-15-2015 13:50:49][          ExecuteSQLQuery_DT()] Invalid object name 'STUTTGART.dbo.@AB_TENDER'.
[10-15-2015 13:51:34][          ExecuteSQLQuery_DT()] Database 'Stuttgart LIVE' cannot be opened. It is in the middle of a restore.
[10-15-2015 13:51:38][          ExecuteSQLQuery_DT()] Invalid column name 'U_AB_EASIDept'.
Invalid column name 'U_AB_POSSync'.
[10-15-2015 13:51:38][          ExecuteSQLQuery_DT()] Invalid column name 'U_AB_EASIDept'.
Invalid column name 'U_AB_POSSync'.
[10-15-2015 13:51:39][          ExecuteSQLQuery_DT()] Invalid object name 'STUTTGART.dbo.@AB_EASIDEPT'.
[10-15-2015 13:51:39][          ExecuteSQLQuery_DT()] Invalid object name 'STUTTGART.dbo.@AB_TENDER'.
[10-15-2015 13:52:35][          ExecuteSQLQuery_DT()] Database 'Stuttgart LIVE' cannot be opened. It is in the middle of a restore.
[10-15-2015 13:52:38][          ExecuteSQLQuery_DT()] Invalid column name 'U_AB_EASIDept'.
Invalid column name 'U_AB_POSSync'.
[10-15-2015 13:52:38][          ExecuteSQLQuery_DT()] Invalid column name 'U_AB_EASIDept'.
Invalid column name 'U_AB_POSSync'.
[10-15-2015 13:52:38][          ExecuteSQLQuery_DT()] Invalid object name 'STUTTGART.dbo.@AB_EASIDEPT'.
[10-15-2015 13:52:38][          ExecuteSQLQuery_DT()] Invalid object name 'STUTTGART.dbo.@AB_TENDER'.
[10-15-2015 13:57:55][          ExecuteSQLQuery_DT()] Database 'Stuttgart LIVE' cannot be opened. It is in the middle of a restore.
[10-15-2015 13:57:59][          ExecuteSQLQuery_DT()] Invalid column name 'U_AB_EASIDept'.
Invalid column name 'U_AB_POSSync'.
[10-15-2015 13:57:59][          ExecuteSQLQuery_DT()] Invalid column name 'U_AB_EASIDept'.
Invalid column name 'U_AB_POSSync'.
[10-15-2015 13:57:59][          ExecuteSQLQuery_DT()] Invalid object name 'STUTTGART.dbo.@AB_EASIDEPT'.
[10-15-2015 13:57:59][          ExecuteSQLQuery_DT()] Invalid object name 'STUTTGART.dbo.@AB_TENDER'.
